<?xml version="1.0" encoding="UTF-8"?>
<testsuite name="services.client.ClientServiceMySQLTest" tests="5" skipped="0" failures="0" errors="0" timestamp="2021-03-24T09:46:46" hostname="DESKTOP-URN5C0M" time="0.04">
  <properties/>
  <testcase name="updateClient" classname="services.client.ClientServiceMySQLTest" time="0.008"/>
  <testcase name="getClientByCNP" classname="services.client.ClientServiceMySQLTest" time="0.006"/>
  <testcase name="addClient" classname="services.client.ClientServiceMySQLTest" time="0.004"/>
  <testcase name="getClient" classname="services.client.ClientServiceMySQLTest" time="0.005"/>
  <testcase name="getAllClients" classname="services.client.ClientServiceMySQLTest" time="0.016"/>
  <system-out><![CDATA[]]></system-out>
  <system-err><![CDATA[]]></system-err>
</testsuite>
